<?xml version="1.0" encoding="UTF-8"?>
<testng-results ignored="0" total="1" passed="1" failed="0" skipped="0">
  <reporter-output>
  </reporter-output>
  <suite started-at="2022-06-16T23:04:43 PDT" name="Default suite" finished-at="2022-06-16T23:05:02 PDT" duration-ms="19322">
    <groups>
    </groups>
    <test started-at="2022-06-16T23:04:43 PDT" name="Default test" finished-at="2022-06-16T23:05:02 PDT" duration-ms="19322">
      <class name="com.jahan.com.dallas.firstsetting_demo">
        <test-method signature="verifylogin()[pri:0, instance:com.jahan.com.dallas.firstsetting_demo@2d52216b]" started-at="2022-06-16T23:04:43 PDT" name="verifylogin" finished-at="2022-06-16T23:05:02 PDT" duration-ms="19272" status="PASS">
          <reporter-output>
          </reporter-output>
        </test-method> <!-- verifylogin -->
      </class> <!-- com.jahan.com.dallas.firstsetting_demo -->
    </test> <!-- Default test -->
  </suite> <!-- Default suite -->
</testng-results>
